app/build/intermediates/manifest_merge_blame_file/debug/manifest-merger-blame-debug-report.txt
1<?xml version="1.0" encoding="utf-8"?>
2<manifest xmlns:android="http://schemas.android.com/apk/res/android"
3    package="com.example.opencvopenglapp"
4    android:versionCode="1"
5    android:versionName="1.0" >
6
7    <uses-sdk
8        android:minSdkVersion="24"
9        android:targetSdkVersion="34" />
10
11    <uses-permission android:name="android.permission.CAMERA" />
11-->src/main/AndroidManifest.xml:5:5-65
11-->src/main/AndroidManifest.xml:5:22-62
12    <uses-permission android:name="android.permission.INTERNET" />
12-->src/main/AndroidManifest.xml:6:5-67
12-->src/main/AndroidManifest.xml:6:22-64
13    <uses-permission android:name="android.permission.ACCESS_NETWORK_STATE" />
13-->src/main/AndroidManifest.xml:7:5-79
13-->src/main/AndroidManifest.xml:7:22-76
14
15    <uses-feature
15-->src/main/AndroidManifest.xml:8:5-84
16        android:name="android.hardware.camera"
16-->src/main/AndroidManifest.xml:8:19-57
17        android:required="true" />
17-->src/main/AndroidManifest.xml:8:58-81
18    <uses-feature
18-->src/main/AndroidManifest.xml:9:5-95
19        android:name="android.hardware.camera.autofocus"
19-->src/main/AndroidManifest.xml:9:19-67
20        android:required="false" />
20-->src/main/AndroidManifest.xml:9:68-92
21    <uses-feature
21-->src/main/AndroidManifest.xml:10:5-78
22        android:glEsVersion="0x00020000"
22-->src/main/AndroidManifest.xml:10:19-51
23        android:required="true" />
23-->src/main/AndroidManifest.xml:10:52-75
24
25    <permission
25-->[androidx.core:core:1.9.0] AndroidManifest.xml:22:5-24:47
26        android:name="com.example.opencvopenglapp.DYNAMIC_RECEIVER_NOT_EXPORTED_PERMISSION"
26-->[androidx.core:core:1.9.0] AndroidManifest.xml:23:9-81
27        android:protectionLevel="signature" />
27-->[androidx.core:core:1.9.0] AndroidManifest.xml:24:9-44
28
29    <uses-permission android:name="com.example.opencvopenglapp.DYNAMIC_RECEIVER_NOT_EXPORTED_PERMISSION" />
29-->[androidx.core:core:1.9.0] AndroidManifest.xml:26:5-97
29-->[androidx.core:core:1.9.0] AndroidManifest.xml:26:22-94
30
31    <application
31-->src/main/AndroidManifest.xml:12:5-34:19
32        android:allowBackup="true"
32-->src/main/AndroidManifest.xml:13:9-35
33        android:appComponentFactory="androidx.core.app.CoreComponentFactory"
33-->[androidx.core:core:1.9.0] AndroidManifest.xml:28:18-86
34        android:dataExtractionRules="@xml/data_extraction_rules"
34-->src/main/AndroidManifest.xml:14:9-65
35        android:debuggable="true"
36        android:extractNativeLibs="false"
37        android:fullBackupContent="@xml/backup_rules"
37-->src/main/AndroidManifest.xml:15:9-54
38        android:icon="@drawable/ic_launcher"
38-->src/main/AndroidManifest.xml:16:9-45
39        android:label="@string/app_name"
39-->src/main/AndroidManifest.xml:17:9-41
40        android:roundIcon="@drawable/ic_launcher_round"
40-->src/main/AndroidManifest.xml:18:9-56
41        android:supportsRtl="true"
41-->src/main/AndroidManifest.xml:19:9-35
42        android:theme="@style/Theme.OpenCVOpenGLApp" >
42-->src/main/AndroidManifest.xml:20:9-53
43        <activity
43-->src/main/AndroidManifest.xml:23:9-32:20
44            android:name="com.example.opencvopenglapp.MainActivity"
44-->src/main/AndroidManifest.xml:24:13-41
45            android:exported="true"
45-->src/main/AndroidManifest.xml:25:13-36
46            android:screenOrientation="portrait"
46-->src/main/AndroidManifest.xml:26:13-49
47            android:theme="@style/Theme.OpenCVOpenGLApp" >
47-->src/main/AndroidManifest.xml:27:13-57
48            <intent-filter>
48-->src/main/AndroidManifest.xml:28:13-31:29
49                <action android:name="android.intent.action.MAIN" />
49-->src/main/AndroidManifest.xml:29:17-69
49-->src/main/AndroidManifest.xml:29:25-66
50
51                <category android:name="android.intent.category.LAUNCHER" />
51-->src/main/AndroidManifest.xml:30:17-77
51-->src/main/AndroidManifest.xml:30:27-74
52            </intent-filter>
53        </activity>
54
55        <service
55-->[androidx.camera:camera-camera2:1.3.0] AndroidManifest.xml:24:9-33:19
56            android:name="androidx.camera.core.impl.MetadataHolderService"
56-->[androidx.camera:camera-camera2:1.3.0] AndroidManifest.xml:25:13-75
57            android:enabled="false"
57-->[androidx.camera:camera-camera2:1.3.0] AndroidManifest.xml:26:13-36
58            android:exported="false" >
58-->[androidx.camera:camera-camera2:1.3.0] AndroidManifest.xml:27:13-37
59            <meta-data
59-->[androidx.camera:camera-camera2:1.3.0] AndroidManifest.xml:30:13-32:89
60                android:name="androidx.camera.core.impl.MetadataHolderService.DEFAULT_CONFIG_PROVIDER"
60-->[androidx.camera:camera-camera2:1.3.0] AndroidManifest.xml:31:17-103
61                android:value="androidx.camera.camera2.Camera2Config$DefaultProvider" />
61-->[androidx.camera:camera-camera2:1.3.0] AndroidManifest.xml:32:17-86
62        </service>
63
64        <provider
64-->[androidx.emoji2:emoji2:1.2.0] AndroidManifest.xml:24:9-32:20
65            android:name="androidx.startup.InitializationProvider"
65-->[androidx.emoji2:emoji2:1.2.0] AndroidManifest.xml:25:13-67
66            android:authorities="com.example.opencvopenglapp.androidx-startup"
66-->[androidx.emoji2:emoji2:1.2.0] AndroidManifest.xml:26:13-68
67            android:exported="false" >
67-->[androidx.emoji2:emoji2:1.2.0] AndroidManifest.xml:27:13-37
68            <meta-data
68-->[androidx.emoji2:emoji2:1.2.0] AndroidManifest.xml:29:13-31:52
69                android:name="androidx.emoji2.text.EmojiCompatInitializer"
69-->[androidx.emoji2:emoji2:1.2.0] AndroidManifest.xml:30:17-75
70                android:value="androidx.startup" />
70-->[androidx.emoji2:emoji2:1.2.0] AndroidManifest.xml:31:17-49
71            <meta-data
71-->[androidx.lifecycle:lifecycle-process:2.4.1] AndroidManifest.xml:31:13-33:52
72                android:name="androidx.lifecycle.ProcessLifecycleInitializer"
72-->[androidx.lifecycle:lifecycle-process:2.4.1] AndroidManifest.xml:32:17-78
73                android:value="androidx.startup" />
73-->[androidx.lifecycle:lifecycle-process:2.4.1] AndroidManifest.xml:33:17-49
74        </provider>
75    </application>
76
77</manifest>